\BOOKMARK [1][-]{section.1}{Introduction}{}% 1
\BOOKMARK [2][-]{subsection.1.1}{What is Yahtzee?}{section.1}% 2
\BOOKMARK [2][-]{subsection.1.2}{Using Markov Models to Analyze Yahtzee}{section.1}% 3
\BOOKMARK [1][-]{section.2}{Formulation}{}% 4
\BOOKMARK [2][-]{subsection.2.1}{Graphical Example}{section.2}% 5
\BOOKMARK [1][-]{section.3}{Results}{}% 6
\BOOKMARK [2][-]{subsection.3.1}{Probability of rolling a specific number}{section.3}% 7
\BOOKMARK [2][-]{subsection.3.2}{Probability of getting a Yatzee}{section.3}% 8
\BOOKMARK [2][-]{subsection.3.3}{Probability of getting a Full House}{section.3}% 9
\BOOKMARK [1][-]{section.4}{Discussion}{}% 10
\BOOKMARK [1][-]{section.5}{Conclusions}{}% 11
\BOOKMARK [1][-]{section.6}{References}{}% 12
\BOOKMARK [1][-]{section.7}{Appendix I: Proving Markov Models Work on 2 by 2 Matricies}{}% 13
\BOOKMARK [2][-]{subsubsection.7.0.1}{Assumptions}{section.7}% 14
\BOOKMARK [2][-]{subsection.7.1}{Derivation}{section.7}% 15
\BOOKMARK [1][-]{section.8}{Appedix II: Getting the odds}{}% 16
\BOOKMARK [2][-]{subsection.8.1}{Yatzee}{section.8}% 17
\BOOKMARK [3][-]{subsubsection.8.1.1}{rolling 0 dice}{subsection.8.1}% 18
\BOOKMARK [3][-]{subsubsection.8.1.2}{rolling 1 die}{subsection.8.1}% 19
\BOOKMARK [3][-]{subsubsection.8.1.3}{rolling 2 dice}{subsection.8.1}% 20
\BOOKMARK [3][-]{subsubsection.8.1.4}{rolling 3 dice}{subsection.8.1}% 21
\BOOKMARK [3][-]{subsubsection.8.1.5}{rolling 5 dice}{subsection.8.1}% 22
\BOOKMARK [3][-]{subsubsection.8.1.6}{Resulting matricies}{subsection.8.1}% 23
\BOOKMARK [2][-]{subsection.8.2}{Rolling for a specific number}{section.8}% 24
\BOOKMARK [3][-]{subsubsection.8.2.1}{Resulting matricies}{subsection.8.2}% 25
\BOOKMARK [2][-]{subsection.8.3}{Full House}{section.8}% 26
\BOOKMARK [3][-]{subsubsection.8.3.1}{Holding no dice}{subsection.8.3}% 27
\BOOKMARK [3][-]{subsubsection.8.3.2}{Holding a Pair and a single}{subsection.8.3}% 28
\BOOKMARK [3][-]{subsubsection.8.3.3}{Holding 3 of a kind}{subsection.8.3}% 29
\BOOKMARK [3][-]{subsubsection.8.3.4}{Holding 3 of one number and 1 of another}{subsection.8.3}% 30
\BOOKMARK [3][-]{subsubsection.8.3.5}{Holding 2 pair}{subsection.8.3}% 31
\BOOKMARK [3][-]{subsubsection.8.3.6}{Full House!}{subsection.8.3}% 32
\BOOKMARK [3][-]{subsubsection.8.3.7}{Resulting matricies}{subsection.8.3}% 33
\BOOKMARK [1][-]{section.9}{Appendix III: Code}{}% 34
